<?xml version="1.0" encoding="utf-8"?><testsuites name="pytest tests"><testsuite name="pytest" errors="0" failures="0" skipped="0" tests="7" time="1.172" timestamp="2026-06-30T18:10:14.611770+00:00" hostname="agent-env-17325649-f15b-4b99-a8e4-3c3663e4b957"><testcase classname="tests.test_phase3_data_mgmt.TestSeedDemo" name="test_seed_demo" time="0.211" /><testcase classname="tests.test_phase3_data_mgmt.TestSeedDemo" name="test_dashboard_after_seed" time="0.056" /><testcase classname="tests.test_phase3_data_mgmt.TestExcelRoundTrip" name="test_export_excel_returns_xlsx" time="0.191" /><testcase classname="tests.test_phase3_data_mgmt.TestExcelRoundTrip" name="test_clear_all_wipes" time="0.112" /><testcase classname="tests.test_phase3_data_mgmt.TestExcelRoundTrip" name="test_import_excel_restores" time="0.396" /><testcase classname="tests.test_phase3_data_mgmt.TestExcelRoundTrip" name="test_dashboard_after_import" time="0.056" /><testcase classname="tests.test_phase3_data_mgmt.TestZReseed" name="test_final_reseed" time="0.076" /></testsuite></testsuites>