<?xml version="1.0" encoding="utf-8"?><testsuites name="pytest tests"><testsuite name="pytest" errors="0" failures="0" skipped="0" tests="20" time="1.958" timestamp="2026-06-29T20:51:33.886308+00:00" hostname="agent-env-17325649-f15b-4b99-a8e4-3c3663e4b957"><testcase classname="tests.test_phase2_modules.TestSetup" name="test_create_team" time="0.275" /><testcase classname="tests.test_phase2_modules.TestSetup" name="test_create_two_players" time="0.121" /><testcase classname="tests.test_phase2_modules.TestInscriptions" name="test_create_inscription_auto_category" time="0.061" /><testcase classname="tests.test_phase2_modules.TestInscriptions" name="test_list_inscriptions_has_siblings_field" time="0.057" /><testcase classname="tests.test_phase2_modules.TestInscriptions" name="test_sibling_detection_via_progenitor_phone" time="0.097" /><testcase classname="tests.test_phase2_modules.TestInscriptions" name="test_update_inscription" time="0.049" /><testcase classname="tests.test_phase2_modules.TestInscriptions" name="test_inscription_to_player" time="0.096" /><testcase classname="tests.test_phase2_modules.TestInscriptions" name="test_to_player_idempotency_fails" time="0.046" /><testcase classname="tests.test_phase2_modules.TestTrainings" name="test_create_training" time="0.060" /><testcase classname="tests.test_phase2_modules.TestTrainings" name="test_list_trainings_counts" time="0.050" /><testcase classname="tests.test_phase2_modules.TestTrainings" name="test_get_training_enriched" time="0.053" /><testcase classname="tests.test_phase2_modules.TestTrainings" name="test_update_training" time="0.098" /><testcase classname="tests.test_phase2_modules.TestStats" name="test_create_stats" time="0.057" /><testcase classname="tests.test_phase2_modules.TestStats" name="test_list_stats_enriched" time="0.047" /><testcase classname="tests.test_phase2_modules.TestStats" name="test_update_stats" time="0.049" /><testcase classname="tests.test_phase2_modules.TestCommunications" name="test_create_communication_marked_sent" time="0.055" /><testcase classname="tests.test_phase2_modules.TestCommunications" name="test_list_communications" time="0.045" /><testcase classname="tests.test_phase2_modules.TestCommunications" name="test_update_communication" time="0.050" /><testcase classname="tests.test_phase2_modules.TestDashboardUpdated" name="test_dashboard_includes_new_fields" time="0.056" /><testcase classname="tests.test_phase2_modules.TestZCleanup" name="test_cleanup" time="0.447" /></testsuite></testsuites>